d:\ue4_projects\proto\protobuf2ue4old\build\protoc-gen-ue4.dir\release\cpp_string_field.obj
d:\ue4_projects\proto\protobuf2ue4old\build\protoc-gen-ue4.dir\release\cpp_service.obj
d:\ue4_projects\proto\protobuf2ue4old\build\protoc-gen-ue4.dir\release\cpp_primitive_field.obj
d:\ue4_projects\proto\protobuf2ue4old\build\protoc-gen-ue4.dir\release\cpp_message_field.obj
d:\ue4_projects\proto\protobuf2ue4old\build\protoc-gen-ue4.dir\release\cpp_message.obj
d:\ue4_projects\proto\protobuf2ue4old\build\protoc-gen-ue4.dir\release\cpp_map_field.obj
d:\ue4_projects\proto\protobuf2ue4old\build\protoc-gen-ue4.dir\release\cpp_helpers.obj
d:\ue4_projects\proto\protobuf2ue4old\build\protoc-gen-ue4.dir\release\cpp_generator.obj
d:\ue4_projects\proto\protobuf2ue4old\build\protoc-gen-ue4.dir\release\cpp_file.obj
d:\ue4_projects\proto\protobuf2ue4old\build\protoc-gen-ue4.dir\release\cpp_field.obj
d:\ue4_projects\proto\protobuf2ue4old\build\protoc-gen-ue4.dir\release\cpp_extension.obj
d:\ue4_projects\proto\protobuf2ue4old\build\protoc-gen-ue4.dir\release\cpp_enum_field.obj
d:\ue4_projects\proto\protobuf2ue4old\build\protoc-gen-ue4.dir\release\cpp_enum.obj
d:\ue4_projects\proto\protobuf2ue4old\build\protoc-gen-ue4.dir\release\main.obj
d:\ue4_projects\proto\protobuf2ue4old\build\cmakefiles\generate.stamp
d:\ue4_projects\proto\protobuf2ue4old\build\release\protoc-gen-ue4.exe
d:\ue4_projects\proto\protobuf2ue4old\build\release\protoc-gen-ue4.lib
d:\ue4_projects\proto\protobuf2ue4old\build\release\protoc-gen-ue4.exp
d:\ue4_projects\proto\protobuf2ue4old\build\protoc-gen-ue4.dir\release\protoc-gen-ue4.tlog\cl.command.1.tlog
d:\ue4_projects\proto\protobuf2ue4old\build\protoc-gen-ue4.dir\release\protoc-gen-ue4.tlog\cl.read.1.tlog
d:\ue4_projects\proto\protobuf2ue4old\build\protoc-gen-ue4.dir\release\protoc-gen-ue4.tlog\cl.write.1.tlog
d:\ue4_projects\proto\protobuf2ue4old\build\protoc-gen-ue4.dir\release\protoc-gen-ue4.tlog\custombuild.command.1.tlog
d:\ue4_projects\proto\protobuf2ue4old\build\protoc-gen-ue4.dir\release\protoc-gen-ue4.tlog\custombuild.read.1.tlog
d:\ue4_projects\proto\protobuf2ue4old\build\protoc-gen-ue4.dir\release\protoc-gen-ue4.tlog\custombuild.write.1.tlog
d:\ue4_projects\proto\protobuf2ue4old\build\protoc-gen-ue4.dir\release\protoc-gen-ue4.tlog\link.command.1.tlog
d:\ue4_projects\proto\protobuf2ue4old\build\protoc-gen-ue4.dir\release\protoc-gen-ue4.tlog\link.read.1.tlog
d:\ue4_projects\proto\protobuf2ue4old\build\protoc-gen-ue4.dir\release\protoc-gen-ue4.tlog\link.write.1.tlog
d:\ue4_projects\proto\protobuf2ue4old\build\protoc-gen-ue4.dir\release\protoc-gen-ue4.tlog\protoc-gen-ue4.write.1u.tlog
