d:\ue4_projects\proto\protobuf2ue4old\build\protoc-gen-ue4.dir\debug\vc142.pdb
d:\ue4_projects\proto\protobuf2ue4old\build\protoc-gen-ue4.dir\debug\cpp_string_field.obj
d:\ue4_projects\proto\protobuf2ue4old\build\protoc-gen-ue4.dir\debug\cpp_service.obj
d:\ue4_projects\proto\protobuf2ue4old\build\protoc-gen-ue4.dir\debug\cpp_primitive_field.obj
d:\ue4_projects\proto\protobuf2ue4old\build\protoc-gen-ue4.dir\debug\cpp_message_field.obj
d:\ue4_projects\proto\protobuf2ue4old\build\protoc-gen-ue4.dir\debug\cpp_message.obj
d:\ue4_projects\proto\protobuf2ue4old\build\protoc-gen-ue4.dir\debug\cpp_map_field.obj
d:\ue4_projects\proto\protobuf2ue4old\build\protoc-gen-ue4.dir\debug\cpp_helpers.obj
d:\ue4_projects\proto\protobuf2ue4old\build\protoc-gen-ue4.dir\debug\cpp_generator.obj
d:\ue4_projects\proto\protobuf2ue4old\build\protoc-gen-ue4.dir\debug\cpp_file.obj
d:\ue4_projects\proto\protobuf2ue4old\build\protoc-gen-ue4.dir\debug\cpp_field.obj
d:\ue4_projects\proto\protobuf2ue4old\build\protoc-gen-ue4.dir\debug\cpp_extension.obj
d:\ue4_projects\proto\protobuf2ue4old\build\protoc-gen-ue4.dir\debug\cpp_enum_field.obj
d:\ue4_projects\proto\protobuf2ue4old\build\protoc-gen-ue4.dir\debug\cpp_enum.obj
d:\ue4_projects\proto\protobuf2ue4old\build\protoc-gen-ue4.dir\debug\main.obj
d:\ue4_projects\proto\protobuf2ue4old\build\cmakefiles\generate.stamp
d:\ue4_projects\proto\protobuf2ue4old\build\debug\protoc-gen-ue4.ilk
d:\ue4_projects\proto\protobuf2ue4old\build\debug\protoc-gen-ue4.exe
d:\ue4_projects\proto\protobuf2ue4old\build\debug\protoc-gen-ue4.pdb
d:\ue4_projects\proto\protobuf2ue4old\build\debug\protoc-gen-ue4.lib
d:\ue4_projects\proto\protobuf2ue4old\build\debug\protoc-gen-ue4.exp
d:\ue4_projects\proto\protobuf2ue4old\build\protoc-gen-ue4.dir\debug\protoc-gen-ue4.tlog\cl.command.1.tlog
d:\ue4_projects\proto\protobuf2ue4old\build\protoc-gen-ue4.dir\debug\protoc-gen-ue4.tlog\cl.read.1.tlog
d:\ue4_projects\proto\protobuf2ue4old\build\protoc-gen-ue4.dir\debug\protoc-gen-ue4.tlog\cl.write.1.tlog
d:\ue4_projects\proto\protobuf2ue4old\build\protoc-gen-ue4.dir\debug\protoc-gen-ue4.tlog\custombuild.command.1.tlog
d:\ue4_projects\proto\protobuf2ue4old\build\protoc-gen-ue4.dir\debug\protoc-gen-ue4.tlog\custombuild.read.1.tlog
d:\ue4_projects\proto\protobuf2ue4old\build\protoc-gen-ue4.dir\debug\protoc-gen-ue4.tlog\custombuild.write.1.tlog
d:\ue4_projects\proto\protobuf2ue4old\build\protoc-gen-ue4.dir\debug\protoc-gen-ue4.tlog\link.command.1.tlog
d:\ue4_projects\proto\protobuf2ue4old\build\protoc-gen-ue4.dir\debug\protoc-gen-ue4.tlog\link.read.1.tlog
d:\ue4_projects\proto\protobuf2ue4old\build\protoc-gen-ue4.dir\debug\protoc-gen-ue4.tlog\link.write.1.tlog
d:\ue4_projects\proto\protobuf2ue4old\build\protoc-gen-ue4.dir\debug\protoc-gen-ue4.tlog\protoc-gen-ue4.write.1u.tlog
